2025-07-11 21:01:27.491 | INFO     | utils_logger:<module>:41 - Logging to file: logs\project_log.log
2025-07-11 21:01:27.491 | INFO     | __main__:<module>:89 - Starting CSV processing...
2025-07-11 21:01:27.492 | ERROR    | __main__:analyze_ladder_score:57 - Error processing CSV file: [Errno 2] No such file or directory: 'raw_data\\2020_happiness.csv'
2025-07-11 21:07:19.053 | INFO     | utils_logger:<module>:41 - Logging to file: logs\project_log.log
2025-07-11 21:07:19.054 | INFO     | __main__:<module>:89 - Starting CSV processing...
2025-07-11 21:07:19.070 | INFO     | __main__:process_csv_file:82 - Processed CSV file: raw_data\2020_happiness.csv, Statistics saved to: processed_data\happiness_ladder_score_stats.txt
2025-07-11 21:07:19.071 | INFO     | __main__:<module>:91 - CSV processing complete.
2025-07-11 21:28:21.204 | INFO     | utils_logger:<module>:41 - Logging to file: logs\project_log.log
2025-07-11 21:28:21.204 | INFO     | __main__:<module>:77 - Starting Excel processing...
2025-07-11 21:28:21.239 | INFO     | __main__:process_excel_file:70 - Processed Excel file: raw_data\Feedback.xlsx, Word count saved to: processed_data\excel_feedback_Microsoft_count.txt
2025-07-11 21:28:21.240 | INFO     | __main__:<module>:79 - Excel processing complete.
2025-07-11 21:46:09.180 | INFO     | utils_logger:<module>:41 - Logging to file: logs\project_log.log
2025-07-11 21:46:09.180 | INFO     | __main__:<module>:113 - Starting JSON processing...
2025-07-11 21:46:09.190 | ERROR    | __main__:count_astronauts_by_craft:84 - Error reading or processing JSON file: 'int' object is not subscriptable
2025-07-11 21:46:09.192 | INFO     | __main__:process_json_file:106 - Processed JSON file: raw_data\astros.json, Results saved to: processed_data\json_astronauts_by_craft.txt
2025-07-11 21:46:09.192 | INFO     | __main__:<module>:115 - JSON processing complete.
2025-07-11 21:50:15.424 | INFO     | utils_logger:<module>:41 - Logging to file: logs\project_log.log
2025-07-11 21:50:15.425 | INFO     | __main__:<module>:112 - Starting JSON processing...
2025-07-11 21:50:15.426 | INFO     | __main__:process_json_file:105 - Processed JSON file: raw_data\astros.json, Results saved to: processed_data\json_astronauts_by_craft.txt
2025-07-11 21:50:15.426 | INFO     | __main__:<module>:114 - JSON processing complete.
2025-07-11 21:58:15.143 | INFO     | utils_logger:<module>:41 - Logging to file: logs\project_log.log
2025-07-11 21:58:15.143 | INFO     | __main__:<module>:115 - Starting JSON processing...
2025-07-11 21:58:15.144 | ERROR    | __main__:count_astronauts_by_craft:83 - Error reading or processing JSON file: 'int' object is not subscriptable
2025-07-11 21:58:15.145 | INFO     | __main__:process_json_file:108 - Processed JSON file: raw_data\astros.json, Results saved to: processed_data\json_astronauts_by_craft.txt
2025-07-11 21:58:15.145 | INFO     | __main__:<module>:117 - JSON processing complete.
2025-07-11 22:01:26.881 | INFO     | utils_logger:<module>:41 - Logging to file: logs\project_log.log
2025-07-11 22:01:26.881 | INFO     | __main__:<module>:118 - Starting JSON processing...
2025-07-11 22:01:26.882 | ERROR    | __main__:count_astronauts_by_craft:86 - Error reading or processing JSON file: unsupported operand type(s) for +: 'dict' and 'int'
2025-07-11 22:01:26.883 | INFO     | __main__:process_json_file:111 - Processed JSON file: raw_data\astros.json, Results saved to: processed_data\json_astronauts_by_craft.txt
2025-07-11 22:01:26.883 | INFO     | __main__:<module>:120 - JSON processing complete.
2025-07-11 22:01:47.150 | INFO     | utils_logger:<module>:41 - Logging to file: logs\project_log.log
2025-07-11 22:01:47.151 | INFO     | __main__:<module>:118 - Starting JSON processing...
2025-07-11 22:01:47.152 | ERROR    | __main__:count_astronauts_by_craft:86 - Error reading or processing JSON file: unsupported operand type(s) for +: 'dict' and 'int'
2025-07-11 22:01:47.153 | INFO     | __main__:process_json_file:111 - Processed JSON file: raw_data\astros.json, Results saved to: processed_data\json_astronauts_by_craft.txt
2025-07-11 22:01:47.153 | INFO     | __main__:<module>:120 - JSON processing complete.
2025-07-11 22:03:01.160 | INFO     | utils_logger:<module>:41 - Logging to file: logs\project_log.log
2025-07-11 22:03:01.160 | INFO     | __main__:<module>:118 - Starting JSON processing...
2025-07-11 22:03:01.162 | INFO     | __main__:process_json_file:111 - Processed JSON file: raw_data\astros.json, Results saved to: processed_data\json_astronauts_by_craft.txt
2025-07-11 22:03:01.162 | INFO     | __main__:<module>:120 - JSON processing complete.
2025-07-11 22:08:29.877 | INFO     | utils_logger:<module>:41 - Logging to file: logs\project_log.log
2025-07-11 22:08:29.878 | INFO     | __main__:<module>:118 - Starting JSON processing...
2025-07-11 22:11:56.953 | INFO     | utils_logger:<module>:41 - Logging to file: logs\project_log.log
2025-07-11 22:11:56.954 | INFO     | __main__:<module>:110 - Starting JSON processing...
2025-07-11 22:11:56.955 | INFO     | __main__:process_json_file:103 - Processed JSON file: raw_data\astros.json, Results saved to: processed_data\json_astronauts_by_craft.txt
2025-07-11 22:11:56.955 | INFO     | __main__:<module>:112 - JSON processing complete.
2025-07-11 22:16:49.546 | INFO     | utils_logger:<module>:41 - Logging to file: logs\project_log.log
2025-07-11 22:16:49.547 | INFO     | __main__:<module>:66 - Starting text processing...
2025-07-11 22:16:49.550 | INFO     | __main__:process_text_file:59 - Processed text file: raw_data\shakespeare.txt, Word count saved to: processed_data\text_shall_word_count.txt
2025-07-11 22:16:49.550 | INFO     | __main__:<module>:68 - Text processing complete.
2025-07-11 22:47:26.820 | INFO     | utils_logger:<module>:41 - Logging to file: logs\project_log.log
2025-07-11 22:47:26.821 | INFO     | __main__:main:97 - Starting CSV fetch demonstration...
2025-07-11 22:47:26.821 | INFO     | __main__:fetch_csv_file:56 - Fetching CSV data from https://raw.githubusercontent.com/MainakRepositor/Datasets/master/World%20Happiness%20Data/2020.csv...
2025-07-11 22:47:26.982 | INFO     | __main__:write_csv_file:80 - Writing CSV data to example_data\2020_happiness.csv...
2025-07-11 22:47:26.984 | INFO     | __main__:write_csv_file:84 - SUCCESS: CSV data written to example_data\2020_happiness.csv
2025-07-11 22:47:26.984 | INFO     | __main__:fetch_csv_file:60 - SUCCESS: CSV file fetched and saved as 2020_happiness.csv
2025-07-11 22:48:23.297 | INFO     | utils_logger:<module>:41 - Logging to file: logs\project_log.log
2025-07-11 22:48:23.298 | INFO     | __main__:main:97 - Starting CSV fetch demonstration...
2025-07-11 22:48:23.298 | INFO     | __main__:fetch_csv_file:56 - Fetching CSV data from https://raw.githubusercontent.com/MainakRepositor/Datasets/master/World%20Happiness%20Data/2020.csv...
2025-07-11 22:48:23.506 | INFO     | __main__:write_csv_file:80 - Writing CSV data to raw_data\2020_happiness.csv...
2025-07-11 22:48:23.508 | INFO     | __main__:write_csv_file:84 - SUCCESS: CSV data written to raw_data\2020_happiness.csv
2025-07-11 22:48:23.508 | INFO     | __main__:fetch_csv_file:60 - SUCCESS: CSV file fetched and saved as 2020_happiness.csv
2025-07-11 22:48:31.259 | INFO     | utils_logger:<module>:41 - Logging to file: logs\project_log.log
2025-07-11 22:48:31.260 | INFO     | __main__:<module>:89 - Starting CSV processing...
2025-07-11 22:48:31.272 | INFO     | __main__:process_csv_file:82 - Processed CSV file: raw_data\2020_happiness.csv, Statistics saved to: processed_data\happiness_ladder_score_stats.txt
2025-07-11 22:48:31.273 | INFO     | __main__:<module>:91 - CSV processing complete.
2025-07-11 22:49:56.055 | INFO     | utils_logger:<module>:41 - Logging to file: logs\project_log.log
2025-07-11 22:49:56.056 | INFO     | __main__:main:97 - Starting Excel fetch demonstration...
2025-07-11 22:49:56.056 | INFO     | __main__:fetch_excel_file:56 - Fetching Excel data from https://raw.githubusercontent.com/denisecase/datafun-03-analytics/main/hosted/Feedback.xlsx...
2025-07-11 22:49:56.267 | INFO     | __main__:write_excel_file:80 - Writing Excel data to raw_data\Feedback.xlsx...
2025-07-11 22:49:56.269 | INFO     | __main__:write_excel_file:84 - SUCCESS: Excel data written to raw_data\Feedback.xlsx
2025-07-11 22:49:56.269 | INFO     | __main__:fetch_excel_file:60 - SUCCESS: Excel file fetched and saved as Feedback.xlsx
2025-07-11 22:50:01.228 | INFO     | utils_logger:<module>:41 - Logging to file: logs\project_log.log
2025-07-11 22:50:01.228 | INFO     | __main__:main:98 - Starting JSON fetch demonstration...
2025-07-11 22:50:01.229 | INFO     | __main__:fetch_json_file:57 - Fetching JSON data from http://api.open-notify.org/astros.json...
2025-07-11 22:50:04.490 | INFO     | __main__:write_json_file:81 - Writing JSON data to raw_data\astros.json...
2025-07-11 22:50:04.492 | INFO     | __main__:write_json_file:85 - SUCCESS: JSON data written to raw_data\astros.json
2025-07-11 22:50:04.492 | INFO     | __main__:fetch_json_file:61 - SUCCESS: JSON file fetched and saved as astros.json
2025-07-11 22:50:05.842 | INFO     | utils_logger:<module>:41 - Logging to file: logs\project_log.log
2025-07-11 22:50:05.843 | INFO     | __main__:main:97 - Starting text fetch demonstration...
2025-07-11 22:50:05.843 | INFO     | __main__:fetch_txt_file:56 - Fetching text data from https://raw.githubusercontent.com/denisecase/datafun-03-analytics/main/hosted/romeo.txt...
2025-07-11 22:50:06.033 | INFO     | __main__:write_txt_file:80 - Writing data to raw_data\romeo.txt...
2025-07-11 22:50:06.037 | INFO     | __main__:write_txt_file:84 - SUCCESS: Data written to raw_data\romeo.txt
2025-07-11 22:50:06.037 | INFO     | __main__:fetch_txt_file:60 - SUCCESS: Text file fetched and saved as romeo.txt
2025-07-11 22:50:37.005 | INFO     | utils_logger:<module>:41 - Logging to file: logs\project_log.log
2025-07-11 22:50:37.006 | INFO     | __main__:<module>:66 - Starting text processing...
2025-07-11 22:50:37.029 | INFO     | __main__:process_text_file:59 - Processed text file: raw_data\romeo.txt, Word count saved to: processed_data\text_shall_word_count.txt
2025-07-11 22:50:37.030 | INFO     | __main__:<module>:68 - Text processing complete.
2025-07-11 22:50:49.751 | INFO     | utils_logger:<module>:41 - Logging to file: logs\project_log.log
2025-07-11 22:50:49.751 | INFO     | __main__:<module>:77 - Starting Excel processing...
2025-07-11 22:50:49.768 | INFO     | __main__:process_excel_file:70 - Processed Excel file: raw_data\Feedback.xlsx, Word count saved to: processed_data\excel_feedback_Microsoft_count.txt
2025-07-11 22:50:49.768 | INFO     | __main__:<module>:79 - Excel processing complete.
2025-07-11 22:50:54.896 | INFO     | utils_logger:<module>:41 - Logging to file: logs\project_log.log
2025-07-11 22:50:54.897 | INFO     | __main__:<module>:110 - Starting JSON processing...
2025-07-11 22:50:54.899 | INFO     | __main__:process_json_file:103 - Processed JSON file: raw_data\astros.json, Results saved to: processed_data\json_astronauts_by_craft.txt
2025-07-11 22:50:54.900 | INFO     | __main__:<module>:112 - JSON processing complete.
2025-07-11 22:54:35.959 | INFO     | utils_logger:<module>:41 - Logging to file: logs\project_log.log
2025-07-11 22:54:37.216 | ERROR    | __main__:<module>:47 - Missing required file type argument.
2025-07-11 22:54:37.216 | ERROR    | __main__:<module>:48 - Usage: python main.py <file_type>
2025-07-11 22:54:37.217 | ERROR    | __main__:<module>:49 - Supported file types: csv, json, excel, text
2025-07-11 22:56:37.269 | INFO     | utils_logger:<module>:41 - Logging to file: logs\project_log.log
2025-07-11 22:56:38.492 | INFO     | __main__:main:25 - Running CSV fetch and process...
2025-07-11 23:08:41.788 | INFO     | utils_logger:<module>:41 - Logging to file: logs\project_log.log
2025-07-11 23:08:42.140 | ERROR    | __main__:<module>:51 - Missing file type argument.
2025-07-11 23:08:42.140 | ERROR    | __main__:<module>:52 - Usage: python main.py <file_type>
2025-07-11 23:08:42.140 | ERROR    | __main__:<module>:53 - Example: python main.py csv
2025-07-11 23:09:28.261 | INFO     | utils_logger:<module>:41 - Logging to file: logs\project_log.log
2025-07-11 23:09:28.628 | INFO     | __main__:main:28 - Fetching and processing CSV data...
2025-07-11 23:09:28.628 | INFO     | get_csv:main:97 - Starting CSV fetch demonstration...
2025-07-11 23:09:28.629 | INFO     | get_csv:fetch_csv_file:56 - Fetching CSV data from https://raw.githubusercontent.com/MainakRepositor/Datasets/master/World%20Happiness%20Data/2020.csv...
2025-07-11 23:09:28.774 | INFO     | get_csv:write_csv_file:80 - Writing CSV data to raw_data\2020_happiness.csv...
2025-07-11 23:09:28.775 | INFO     | get_csv:write_csv_file:84 - SUCCESS: CSV data written to raw_data\2020_happiness.csv
2025-07-11 23:09:28.776 | INFO     | get_csv:fetch_csv_file:60 - SUCCESS: CSV file fetched and saved as 2020_happiness.csv
2025-07-11 23:09:28.790 | INFO     | process_csv:process_csv_file:82 - Processed CSV file: raw_data\2020_happiness.csv, Statistics saved to: processed_data\happiness_ladder_score_stats.txt
2025-07-11 23:11:22.957 | INFO     | utils_logger:<module>:41 - Logging to file: logs\project_log.log
2025-07-11 23:11:23.292 | INFO     | __main__:main:36 - Fetching and processing Excel data...
2025-07-11 23:11:23.293 | INFO     | get_excel:main:97 - Starting Excel fetch demonstration...
2025-07-11 23:11:23.293 | INFO     | get_excel:fetch_excel_file:56 - Fetching Excel data from https://raw.githubusercontent.com/denisecase/datafun-03-analytics/main/hosted/Feedback.xlsx...
2025-07-11 23:11:23.431 | INFO     | get_excel:write_excel_file:80 - Writing Excel data to raw_data\Feedback.xlsx...
2025-07-11 23:11:23.433 | INFO     | get_excel:write_excel_file:84 - SUCCESS: Excel data written to raw_data\Feedback.xlsx
2025-07-11 23:11:23.433 | INFO     | get_excel:fetch_excel_file:60 - SUCCESS: Excel file fetched and saved as Feedback.xlsx
2025-07-11 23:11:23.471 | INFO     | process_excel:process_excel_file:70 - Processed Excel file: raw_data\Feedback.xlsx, Word count saved to: processed_data\excel_feedback_Microsoft_count.txt
2025-07-11 23:11:48.451 | INFO     | utils_logger:<module>:41 - Logging to file: logs\project_log.log
2025-07-11 23:11:48.806 | INFO     | __main__:main:32 - Fetching and processing JSON data...
2025-07-11 23:11:48.806 | INFO     | get_json:main:98 - Starting JSON fetch demonstration...
2025-07-11 23:11:48.807 | INFO     | get_json:fetch_json_file:57 - Fetching JSON data from http://api.open-notify.org/astros.json...
2025-07-11 23:11:49.078 | INFO     | get_json:write_json_file:81 - Writing JSON data to raw_data\astros.json...
2025-07-11 23:11:49.081 | INFO     | get_json:write_json_file:85 - SUCCESS: JSON data written to raw_data\astros.json
2025-07-11 23:11:49.082 | INFO     | get_json:fetch_json_file:61 - SUCCESS: JSON file fetched and saved as astros.json
2025-07-11 23:11:49.087 | INFO     | process_json:process_json_file:103 - Processed JSON file: raw_data\astros.json, Results saved to: processed_data\json_astronauts_by_craft.txt
2025-07-11 23:12:14.734 | INFO     | utils_logger:<module>:41 - Logging to file: logs\project_log.log
2025-07-11 23:12:15.055 | INFO     | __main__:main:40 - Fetching and processing Text data...
2025-07-11 23:12:15.056 | INFO     | get_text:main:97 - Starting text fetch demonstration...
2025-07-11 23:12:15.056 | INFO     | get_text:fetch_txt_file:56 - Fetching text data from https://raw.githubusercontent.com/denisecase/datafun-03-analytics/main/hosted/romeo.txt...
2025-07-11 23:12:15.292 | INFO     | get_text:write_txt_file:80 - Writing data to raw_data\romeo.txt...
2025-07-11 23:12:15.295 | INFO     | get_text:write_txt_file:84 - SUCCESS: Data written to raw_data\romeo.txt
2025-07-11 23:12:15.296 | INFO     | get_text:fetch_txt_file:60 - SUCCESS: Text file fetched and saved as romeo.txt
2025-07-11 23:12:15.318 | INFO     | process_text:process_text_file:59 - Processed text file: raw_data\romeo.txt, Word count saved to: processed_data\text_shall_word_count.txt
2025-07-11 23:15:55.106 | INFO     | utils_logger:<module>:41 - Logging to file: logs\project_log.log
2025-07-11 23:15:55.439 | INFO     | __main__:main:28 - Fetching and processing CSV data...
2025-07-11 23:15:55.439 | INFO     | get_csv:main:97 - Starting CSV fetch demonstration...
2025-07-11 23:15:55.440 | INFO     | get_csv:fetch_csv_file:56 - Fetching CSV data from https://raw.githubusercontent.com/MainakRepositor/Datasets/master/World%20Happiness%20Data/2020.csv...
2025-07-11 23:15:55.622 | INFO     | get_csv:write_csv_file:80 - Writing CSV data to raw_data\2020_happiness.csv...
2025-07-11 23:15:55.627 | INFO     | get_csv:write_csv_file:84 - SUCCESS: CSV data written to raw_data\2020_happiness.csv
2025-07-11 23:15:55.628 | INFO     | get_csv:fetch_csv_file:60 - SUCCESS: CSV file fetched and saved as 2020_happiness.csv
2025-07-11 23:15:55.664 | INFO     | process_csv:process_csv_file:82 - Processed CSV file: raw_data\2020_happiness.csv, Statistics saved to: processed_data\happiness_ladder_score_stats.txt
2025-07-11 23:16:41.328 | INFO     | utils_logger:<module>:41 - Logging to file: logs\project_log.log
2025-07-11 23:16:41.666 | INFO     | __main__:main:28 - Fetching and processing CSV data...
2025-07-11 23:16:41.666 | INFO     | get_csv:main:97 - Starting CSV fetch demonstration...
2025-07-11 23:16:41.666 | INFO     | get_csv:fetch_csv_file:56 - Fetching CSV data from https://raw.githubusercontent.com/MainakRepositor/Datasets/master/World%20Happiness%20Data/2020.csv...
2025-07-11 23:16:41.830 | INFO     | get_csv:write_csv_file:80 - Writing CSV data to raw_data\2020_happiness.csv...
2025-07-11 23:16:41.834 | INFO     | get_csv:write_csv_file:84 - SUCCESS: CSV data written to raw_data\2020_happiness.csv
2025-07-11 23:16:41.834 | INFO     | get_csv:fetch_csv_file:60 - SUCCESS: CSV file fetched and saved as 2020_happiness.csv
2025-07-11 23:16:41.862 | INFO     | process_csv:process_csv_file:82 - Processed CSV file: raw_data\2020_happiness.csv, Statistics saved to: processed_data\happiness_ladder_score_stats.txt
2025-07-11 23:18:47.424 | INFO     | utils_logger:<module>:41 - Logging to file: logs\project_log.log
2025-07-11 23:18:47.774 | INFO     | __main__:main:28 - Fetching and processing CSV data...
2025-07-11 23:18:47.774 | INFO     | get_csv:main:97 - Starting CSV fetch demonstration...
2025-07-11 23:18:47.775 | INFO     | get_csv:fetch_csv_file:56 - Fetching CSV data from https://raw.githubusercontent.com/MainakRepositor/Datasets/master/World%20Happiness%20Data/2020.csv...
2025-07-11 23:18:47.927 | INFO     | get_csv:write_csv_file:80 - Writing CSV data to raw_data\2020_happiness.csv...
2025-07-11 23:18:47.931 | INFO     | get_csv:write_csv_file:84 - SUCCESS: CSV data written to raw_data\2020_happiness.csv
2025-07-11 23:18:47.933 | INFO     | get_csv:fetch_csv_file:60 - SUCCESS: CSV file fetched and saved as 2020_happiness.csv
2025-07-11 23:18:47.975 | INFO     | process_csv:process_csv_file:82 - Processed CSV file: raw_data\2020_happiness.csv, Statistics saved to: processed_data\happiness_ladder_score_stats.txt
